<?xml version="1.0" encoding="UTF-8"?>
<!-- Generated by org.testng.reporters.JUnitReportReporter -->
<testsuite hostname="BA-00019584.local" failures="0" tests="10" name="openway.AppTest" time="0.010" errors="0" timestamp="2023-04-07T00:40:56 WIB" skipped="0">
  <testcase classname="openway.AppTest" name="testingValidCalculation" time="0.001"/>
  <system-out/>
  <testcase classname="openway.AppTest" name="testingValidCalculation" time="0.000"/>
  <system-out/>
  <testcase classname="openway.AppTest" name="testingValidCalculation" time="0.006"/>
  <system-out/>
  <testcase classname="openway.AppTest" name="testingValidCalculation" time="0.000"/>
  <system-out/>
  <testcase classname="openway.AppTest" name="testingValidCalculation" time="0.001"/>
  <system-out/>
  <testcase classname="openway.AppTest" name="testingValidCalculation" time="0.000"/>
  <system-out/>
  <testcase classname="openway.AppTest" name="testingValidCalculation" time="0.000"/>
  <system-out/>
  <testcase classname="openway.AppTest" name="testingValidCalculation" time="0.000"/>
  <system-out/>
  <testcase classname="openway.AppTest" name="testingValidCalculation" time="0.001"/>
  <system-out/>
  <testcase classname="openway.AppTest" name="testingInvalidCalculationGivenString" time="0.001"/>
  <system-out/>
</testsuite> <!-- openway.AppTest -->
