<?xml version="1.0" encoding="UTF-8"?>
<!-- Generated by org.testng.reporters.JUnitReportReporter -->
<testsuite hostname="BA-00019584.local" failures="0" tests="1" name="openway.AppTest" time="0.004" errors="0" timestamp="2023-04-07T00:05:15 WIB" skipped="0">
  <testcase classname="openway.AppTest" name="testingCalculation" time="0.004"/>
  <system-out/>
</testsuite> <!-- openway.AppTest -->
